<?xml version="1.0" encoding="UTF-8"?>
<testng-results ignored="0" total="1" passed="1" failed="0" skipped="0">
  <reporter-output>
  </reporter-output>
  <suite started-at="2021-06-26T21:09:38Z" name="Surefire suite" finished-at="2021-06-26T21:10:47Z" duration-ms="68515">
    <groups>
      <group name="cucumber">
        <method signature="AbstractTestNGCucumberTests.runScenario(io.cucumber.testng.PickleWrapper, io.cucumber.testng.FeatureWrapper)[pri:0, instance:stepDefs.RunnerTest@66908383]" name="runScenario" class="io.cucumber.testng.AbstractTestNGCucumberTests"/>
      </group> <!-- cucumber -->
    </groups>
    <test started-at="2021-06-26T21:09:38Z" name="Surefire test" finished-at="2021-06-26T21:10:47Z" duration-ms="68515">
      <class name="stepDefs.RunnerTest">
        <test-method is-config="true" signature="setUpClass()[pri:0, instance:stepDefs.RunnerTest@66908383]" started-at="2021-06-26T21:09:38Z" name="setUpClass" finished-at="2021-06-26T21:09:40Z" duration-ms="1737" status="PASS">
          <reporter-output>
          </reporter-output>
        </test-method> <!-- setUpClass -->
        <test-method signature="runScenario(io.cucumber.testng.PickleWrapper, io.cucumber.testng.FeatureWrapper)[pri:0, instance:stepDefs.RunnerTest@66908383]" started-at="2021-06-26T21:09:40Z" name="runScenario" description="Runs Cucumber Scenarios" data-provider="scenarios" finished-at="2021-06-26T21:10:46Z" duration-ms="66260" status="PASS">
          <params>
            <param index="0">
              <value>
                <![CDATA["Найдем самые дорогие принтеры на авито"]]>
              </value>
            </param>
            <param index="1">
              <value>
                <![CDATA["Optional[Поиск на авито]"]]>
              </value>
            </param>
          </params>
          <reporter-output>
          </reporter-output>
        </test-method> <!-- runScenario -->
        <test-method is-config="true" signature="tearDownClass()[pri:0, instance:stepDefs.RunnerTest@66908383]" started-at="2021-06-26T21:10:47Z" name="tearDownClass" finished-at="2021-06-26T21:10:47Z" duration-ms="64" status="PASS">
          <reporter-output>
          </reporter-output>
        </test-method> <!-- tearDownClass -->
      </class> <!-- stepDefs.RunnerTest -->
    </test> <!-- Surefire test -->
  </suite> <!-- Surefire suite -->
</testng-results>
