<?xml version="1.0" encoding="UTF-8"?>
<testng-results skipped="0" failed="0" ignored="0" total="1" passed="1">
  <reporter-output>
  </reporter-output>
  <suite name="Surefire suite" duration-ms="95345" started-at="2021-06-29T15:07:54Z" finished-at="2021-06-29T15:09:29Z">
    <groups>
      <group name="cucumber">
        <method signature="AbstractTestNGCucumberTests.runScenario(io.cucumber.testng.PickleWrapper, io.cucumber.testng.FeatureWrapper)[pri:0, instance:stepDefs.RunnerTest@67ef029]" name="runScenario" class="io.cucumber.testng.AbstractTestNGCucumberTests"/>
      </group> <!-- cucumber -->
    </groups>
    <test name="Surefire test" duration-ms="95345" started-at="2021-06-29T15:07:54Z" finished-at="2021-06-29T15:09:29Z">
      <class name="stepDefs.RunnerTest">
        <test-method status="PASS" signature="setUpClass()[pri:0, instance:stepDefs.RunnerTest@67ef029]" name="setUpClass" is-config="true" duration-ms="1130" started-at="2021-06-29T15:07:54Z" finished-at="2021-06-29T15:07:55Z">
          <reporter-output>
          </reporter-output>
        </test-method> <!-- setUpClass -->
        <test-method status="PASS" signature="runScenario(io.cucumber.testng.PickleWrapper, io.cucumber.testng.FeatureWrapper)[pri:0, instance:stepDefs.RunnerTest@67ef029]" name="runScenario" duration-ms="94008" started-at="2021-06-29T15:07:55Z" description="Runs Cucumber Scenarios" data-provider="scenarios" finished-at="2021-06-29T15:09:29Z">
          <params>
            <param index="0">
              <value>
                <![CDATA["Найдем самые дорогие принтеры на авито"]]>
              </value>
            </param>
            <param index="1">
              <value>
                <![CDATA["Optional[Поиск на авито]"]]>
              </value>
            </param>
          </params>
          <reporter-output>
          </reporter-output>
        </test-method> <!-- runScenario -->
        <test-method status="PASS" signature="tearDownClass()[pri:0, instance:stepDefs.RunnerTest@67ef029]" name="tearDownClass" is-config="true" duration-ms="99" started-at="2021-06-29T15:09:29Z" finished-at="2021-06-29T15:09:29Z">
          <reporter-output>
          </reporter-output>
        </test-method> <!-- tearDownClass -->
      </class> <!-- stepDefs.RunnerTest -->
    </test> <!-- Surefire test -->
  </suite> <!-- Surefire suite -->
</testng-results>
